<?xml version="1.0" encoding="UTF-8"?>
<testsuite xmlns:xsi="http://www.w3.org/2001/XMLSchema-instance" xsi:noNamespaceSchemaLocation="https://maven.apache.org/surefire/maven-surefire-plugin/xsd/surefire-test-report-3.0.xsd" version="3.0" name="com.example.server.ServerApplicationTests" time="43.668" tests="1" errors="0" skipped="0" failures="0">
  <properties>
[...]
</properties>
  <testcase name="contextLoads" classname="com.example.server.ServerApplicationTests" time="0.656">
    <system-out><![CDATA[10:30:56.533 [main] INFO org.springframework.test.context.support.AnnotationConfigContextLoaderUtils -- Could not detect default configuration classes for test class [com.example.server.ServerApplicationTests]: ServerApplicationTests does not declare any static, non-private, non-final, nested classes annotated with @Configuration.
10:30:56.704 [main] INFO org.springframework.boot.test.context.SpringBootTestContextBootstrapper -- Found @SpringBootConfiguration com.example.server.ServerApplication for test class com.example.server.ServerApplicationTests
  .   ____          _            __ _ _
 /\\ / ___'_ __ _ _(_)_ __  __ _ \ \ \ \
( ( )\___ | '_ | '_| | '_ \/ _` | \ \ \ \
 \\/  ___)| |_)| | | | | || (_| |  ) ) ) )
  '  |____| .__|_| |_|_| |_\__, | / / / /
 =========|_|==============|___/=/_/_/_/

 :: Spring Boot ::                (v3.3.0)

2024-07-12T10:30:57.263+07:00  INFO 15528 --- [server] [           main] c.example.server.ServerApplicationTests  : Starting ServerApplicationTests using Java 20.0.2 with PID 15528 (started by nhutm in D:\FPT_University\SWP391\DiamondShop\server)
2024-07-12T10:30:57.264+07:00  INFO 15528 --- [server] [           main] c.example.server.ServerApplicationTests  : No active profile set, falling back to 1 default profile: "default"
2024-07-12T10:30:58.825+07:00  INFO 15528 --- [server] [           main] .s.d.r.c.RepositoryConfigurationDelegate : Bootstrapping Spring Data JPA repositories in DEFAULT mode.
2024-07-12T10:30:58.964+07:00  INFO 15528 --- [server] [           main] .s.d.r.c.RepositoryConfigurationDelegate : Finished Spring Data repository scanning in 129 ms. Found 23 JPA repository interfaces.
2024-07-12T10:30:59.598+07:00  INFO 15528 --- [server] [           main] o.hibernate.jpa.internal.util.LogHelper  : HHH000204: Processing PersistenceUnitInfo [name: default]
2024-07-12T10:30:59.702+07:00  INFO 15528 --- [server] [           main] org.hibernate.Version                    : HHH000412: Hibernate ORM core version 6.5.2.Final
2024-07-12T10:30:59.780+07:00  INFO 15528 --- [server] [           main] o.h.c.internal.RegionFactoryInitiator    : HHH000026: Second-level cache disabled
2024-07-12T10:31:00.321+07:00  INFO 15528 --- [server] [           main] o.s.o.j.p.SpringPersistenceUnitInfo      : No LoadTimeWeaver setup: ignoring JPA class transformer
2024-07-12T10:31:00.366+07:00  INFO 15528 --- [server] [           main] com.zaxxer.hikari.HikariDataSource       : HikariPool-1 - Starting...
2024-07-12T10:31:03.951+07:00  INFO 15528 --- [server] [           main] com.zaxxer.hikari.pool.HikariPool        : HikariPool-1 - Added connection com.mysql.cj.jdbc.ConnectionImpl@cf08c97
2024-07-12T10:31:03.970+07:00  INFO 15528 --- [server] [           main] com.zaxxer.hikari.HikariDataSource       : HikariPool-1 - Start completed.
2024-07-12T10:31:06.517+07:00  INFO 15528 --- [server] [           main] o.h.e.t.j.p.i.JtaPlatformInitiator       : HHH000489: No JTA platform available (set 'hibernate.transaction.jta.platform' to enable JTA platform integration)
Hibernate: create table account (id bigint not null auto_increment, active bit not null, address varchar(255), birth_day date, date_add datetime(6), email varchar(255), gender bit not null, name varchar(255), number_phone varchar(255), password varchar(255), role varchar(255), primary key (id)) engine=InnoDB
Hibernate: create table blog (id bigint not null auto_increment, content_detail longtext, description mediumtext, image varchar(255), is_active bit not null, tag_name varchar(255), title varchar(255), primary key (id)) engine=InnoDB
Hibernate: create table category (id bigint not null auto_increment, active bit not null, name varchar(255), primary key (id)) engine=InnoDB
Hibernate: create table clarity (id bigint not null auto_increment, clarity varchar(255), primary key (id)) engine=InnoDB
Hibernate: create table color (id bigint not null auto_increment, color varchar(255), primary key (id)) engine=InnoDB
Hibernate: create table cut (id bigint not null auto_increment, cut varchar(255), primary key (id)) engine=InnoDB
Hibernate: create table diamond (id bigint not null auto_increment, active bit not null, carat float(53) not null, certificate varchar(255), code varchar(255), clarity_id bigint, color_id bigint, cut_id bigint, origin_id bigint, product_id bigint, primary key (id)) engine=InnoDB
Hibernate: create table diamond_price_list (id bigint not null auto_increment, carat_from float(53) not null, carat_to float(53) not null, eff_date date, price float(53) not null, clarity_id bigint, color_id bigint, cut_id bigint, origin_id bigint, primary key (id)) engine=InnoDB
Hibernate: create table image (id bigint not null auto_increment, url varchar(255), product_id bigint, primary key (id)) engine=InnoDB
Hibernate: create table material (id bigint not null auto_increment, name varchar(255), primary key (id)) engine=InnoDB
Hibernate: create table material_price_list (id bigint not null auto_increment, eff_date date, sell_price float(53) not null, material_id bigint, primary key (id)) engine=InnoDB
Hibernate: create table material_product (id bigint not null auto_increment, weight float(53) not null, material_id bigint, product_id bigint, primary key (id)) engine=InnoDB
Hibernate: create table order_detail (id bigint not null auto_increment, price_after_size_adjustment float(53) not null, price_before_size_adjustment float(53) not null, size integer not null, order_id bigint, product_id bigint, primary key (id)) engine=InnoDB
Hibernate: create table orders (id bigint not null auto_increment, address varchar(255), cancel_reason varchar(255), date datetime(6), is_delivery bit not null, order_status varchar(255), total_price float(53) not null, account_id bigint, primary key (id)) engine=InnoDB
Hibernate: create table origin (id bigint not null auto_increment, origin varchar(255), primary key (id)) engine=InnoDB
Hibernate: create table payment (id bigint not null auto_increment, amount float(53) not null, image varchar(255), pay_time date, transaction_code varchar(255), order_id bigint, payment_method_id bigint, primary key (id)) engine=InnoDB
Hibernate: create table payment_method (id bigint not null auto_increment, method varchar(255), primary key (id)) engine=InnoDB
Hibernate: create table product (id bigint not null auto_increment, active bit not null, code varchar(255), date_add datetime(6), name varchar(255), price_rate integer not null, production_cost float(53) not null, secondary_diamond_cost float(53) not null, secondary_material_cost float(53) not null, size_unit_price float(53) not null, category_id bigint, size_id bigint, primary key (id)) engine=InnoDB
Hibernate: create table promotion (id bigint not null auto_increment, active bit not null, date_end date, date_start date, name_promotion varchar(255), promotion_rate integer not null, primary key (id)) engine=InnoDB
Hibernate: create table promotions_products (promotion_id bigint not null, product_id bigint not null, primary key (product_id, promotion_id)) engine=InnoDB
Hibernate: create table size (id bigint not null auto_increment, size integer not null, primary key (id)) engine=InnoDB
Hibernate: create table warranty (id bigint not null auto_increment, address varchar(255), date_end datetime(6), date_start datetime(6), phone_number varchar(255), status bit not null, user_name varchar(255), product_id bigint, warranty_policy_id bigint, primary key (id)) engine=InnoDB
Hibernate: create table warranty_policy (id bigint not null auto_increment, is_active bit not null, name varchar(255), warranty_period integer, primary key (id)) engine=InnoDB
Hibernate: alter table warranty drop index UKe3i1v0x45m45euj8ip4jcpakq
Hibernate: alter table warranty add constraint UKe3i1v0x45m45euj8ip4jcpakq unique (product_id)
Hibernate: alter table diamond add constraint FKcl77uxskcnc6fok8n1deya6yw foreign key (clarity_id) references clarity (id)
Hibernate: alter table diamond add constraint FKl4fcjm03fqxy50iax3prnlhyg foreign key (color_id) references color (id)
Hibernate: alter table diamond add constraint FKrhdunsrgljs33tmo5hu99klpr foreign key (cut_id) references cut (id)
Hibernate: alter table diamond add constraint FKj4pna38ntswmrejogms3v7mqg foreign key (origin_id) references origin (id)
Hibernate: alter table diamond add constraint FKaf6kxwx4p8wdv6c3p20ut6f2h foreign key (product_id) references product (id)
Hibernate: alter table diamond_price_list add constraint FKmcf9w4nyhj2wntav9migd9nw2 foreign key (clarity_id) references clarity (id)
Hibernate: alter table diamond_price_list add constraint FKds645t3m871oy49cdkd1wseks foreign key (color_id) references color (id)
Hibernate: alter table diamond_price_list add constraint FKf9kn54nffgx041a6ntf82bkf7 foreign key (cut_id) references cut (id)
Hibernate: alter table diamond_price_list add constraint FKfvkbimqdtdpetlr7vriko54lc foreign key (origin_id) references origin (id)
Hibernate: alter table image add constraint FKgpextbyee3uk9u6o2381m7ft1 foreign key (product_id) references product (id)
Hibernate: alter table material_price_list add constraint FKjfi6u22npjd466w5awt6x78eu foreign key (material_id) references material (id)
Hibernate: alter table material_product add constraint FK4degcue3yb4qw2wkn9rjq4q1u foreign key (material_id) references material (id)
Hibernate: alter table material_product add constraint FKsvy5xdbf7mm4k63olbh3uf20a foreign key (product_id) references product (id)
Hibernate: alter table order_detail add constraint FKrws2q0si6oyd6il8gqe2aennc foreign key (order_id) references orders (id)
Hibernate: alter table order_detail add constraint FKb8bg2bkty0oksa3wiq5mp5qnc foreign key (product_id) references product (id)
Hibernate: alter table orders add constraint FK3c7gbsfawn58r27cf5b2km72f foreign key (account_id) references account (id)
Hibernate: alter table payment add constraint FKlouu98csyullos9k25tbpk4va foreign key (order_id) references orders (id)
Hibernate: alter table payment add constraint FKjii2n6db6cje3km5ybsbgo8cl foreign key (payment_method_id) references payment_method (id)
Hibernate: alter table product add constraint FK1mtsbur82frn64de7balymq9s foreign key (category_id) references category (id)
Hibernate: alter table product add constraint FKsccbu8jiglqc6t5tjsp04amv7 foreign key (size_id) references size (id)
Hibernate: alter table promotions_products add constraint FKjueofu2v0ngf7mltr8pcj21hd foreign key (promotion_id) references promotion (id)
Hibernate: alter table promotions_products add constraint FKdyi0197b30n9yed7p38ota5k9 foreign key (product_id) references product (id)
Hibernate: alter table warranty add constraint FKt5gqjjwblibjxecsh3eh5yfw9 foreign key (product_id) references product (id)
Hibernate: alter table warranty add constraint FKhlvjb4mxvel9ypx81h2e6v84x foreign key (warranty_policy_id) references warranty_policy (id)
2024-07-12T10:31:37.084+07:00  INFO 15528 --- [server] [           main] j.LocalContainerEntityManagerFactoryBean : Initialized JPA EntityManagerFactory for persistence unit 'default'
2024-07-12T10:31:37.502+07:00  INFO 15528 --- [server] [           main] o.s.d.j.r.query.QueryEnhancerFactory     : Hibernate is in classpath; If applicable, HQL parser will be used.
2024-07-12T10:31:38.649+07:00  WARN 15528 --- [server] [           main] JpaBaseConfiguration$JpaWebConfiguration : spring.jpa.open-in-view is enabled by default. Therefore, database queries may be performed during view rendering. Explicitly configure spring.jpa.open-in-view to disable this warning
2024-07-12T10:31:39.277+07:00  INFO 15528 --- [server] [           main] c.example.server.ServerApplicationTests  : Started ServerApplicationTests in 42.342 seconds (process running for 43.707)
]]></system-out>
  </testcase>
</testsuite>